<?xml version="1.0" encoding="UTF-8"?>
<!-- Generated by org.testng.reporters.JUnitReportReporter -->
<testsuite skipped="0" hostname="DESKTOP-99BJJHQ" name="org.demo.YosemiteTestPage" tests="1" failures="0" timestamp="08 Sep 2023 08:21:59 GMT" time="47.768" errors="0">
  <testcase name="tc9" time="47.768" classname="org.demo.YosemiteTestPage"/>
</testsuite> <!-- org.demo.YosemiteTestPage -->
