<?xml version="1.0" encoding="UTF-8"?>
<!-- Generated by org.testng.reporters.JUnitReportReporter -->
<testsuite skipped="0" hostname="DESKTOP-99BJJHQ" name="org.demo.RussianValleyTestPage" tests="2" failures="0" timestamp="08 Sep 2023 08:21:59 GMT" time="128.179" errors="0">
  <testcase name="tc1" time="102.826" classname="org.demo.RussianValleyTestPage"/>
  <testcase name="tc2" time="25.353" classname="org.demo.RussianValleyTestPage"/>
</testsuite> <!-- org.demo.RussianValleyTestPage -->
