<?xml version="1.0" encoding="UTF-8"?>
<!-- Generated by org.testng.reporters.JUnitReportReporter -->
<testsuite skipped="0" hostname="DESKTOP-99BJJHQ" name="org.demo.Sample" tests="2" failures="0" timestamp="04 Sep 2023 23:38:23 GMT" time="46.731" errors="0">
  <testcase name="tc2" time="24.743" classname="org.demo.Sample"/>
  <testcase name="tc1" time="21.988" classname="org.demo.Sample"/>
</testsuite> <!-- org.demo.Sample -->
