<?xml version="1.0" encoding="UTF-8"?>
<!-- Generated by org.testng.reporters.JUnitReportReporter -->
<testsuite skipped="0" hostname="DESKTOP-99BJJHQ" name="org.demo.SausalitoTestPage" tests="2" failures="0" timestamp="08 Sep 2023 08:21:59 GMT" time="125.183" errors="0">
  <testcase name="tc5" time="101.251" classname="org.demo.SausalitoTestPage"/>
  <testcase name="tc6" time="23.932" classname="org.demo.SausalitoTestPage"/>
</testsuite> <!-- org.demo.SausalitoTestPage -->
