<?xml version="1.0" encoding="UTF-8"?>
<!-- Generated by org.testng.reporters.JUnitReportReporter -->
<testsuite skipped="0" hostname="DESKTOP-99BJJHQ" name="org.demo.SonomaTestPage" tests="2" failures="0" timestamp="08 Sep 2023 08:21:59 GMT" time="51.827" errors="0">
  <testcase name="tc7" time="26.942" classname="org.demo.SonomaTestPage"/>
  <testcase name="tc8" time="24.885" classname="org.demo.SonomaTestPage"/>
</testsuite> <!-- org.demo.SonomaTestPage -->
