<?xml version="1.0" encoding="UTF-8"?>
<!-- Generated by org.testng.reporters.JUnitReportReporter -->
<testsuite skipped="0" hostname="DESKTOP-99BJJHQ" name="org.demo.RussWeekEndTestPage" tests="2" failures="0" timestamp="08 Sep 2023 08:21:59 GMT" time="130.320" errors="0">
  <testcase name="tc4" time="24.812" classname="org.demo.RussWeekEndTestPage"/>
  <testcase name="tc3" time="105.508" classname="org.demo.RussWeekEndTestPage"/>
</testsuite> <!-- org.demo.RussWeekEndTestPage -->
